Model created!
=============================================================================================================================================================================================
| Starting Reasoner, reasoning forward from starting state
=============================================================================================================================================================================================
---------------------------------------------------------------------------------------------------------------------------------------------------------------------------------------------
Check for future states from current state: 0 - State: [Inflow (zero, plus), Volume (zero, zero), Outflow (zero, zero), Height (zero, zero), Pressure (zero, zero)]
Positive derivative leads to increased magnitude on Inflow | State: [Inflow (zero, plus), Volume (zero, zero), Outflow (zero, zero), Height (zero, zero), Pressure (zero, zero)] ---> State: [Inflow (plus, plus), Volume (zero, zero), Outflow (zero, zero), Height (zero, zero), Pressure (zero, zero)]
---------------------------------------------------------------------------------------------------------------------------------------------------------------------------------------------
Check for future states from current state: 1 - State: [Inflow (plus, plus), Volume (zero, zero), Outflow (zero, zero), Height (zero, zero), Pressure (zero, zero)]
Positive derivative leads to increased magnitude on Inflow | State: [Inflow (plus, plus), Volume (zero, zero), Outflow (zero, zero), Height (zero, zero), Pressure (zero, zero)] ---> State: [Inflow (plus, plus), Volume (zero, zero), Outflow (zero, zero), Height (zero, zero), Pressure (zero, zero)]
Positive influence between Inflow and Volume leads to increased derivative on Volume | State: [Inflow (plus, plus), Volume (zero, zero), Outflow (zero, zero), Height (zero, zero), Pressure (zero, zero)] ---> State: [Inflow (plus, plus), Volume (zero, plus), Outflow (zero, zero), Height (zero, zero), Pressure (zero, zero)]
---------------------------------------------------------------------------------------------------------------------------------------------------------------------------------------------
Check for future states from current state: 2 - State: [Inflow (plus, plus), Volume (zero, plus), Outflow (zero, zero), Height (zero, zero), Pressure (zero, zero)]
Positive derivative leads to increased magnitude on Inflow | State: [Inflow (plus, plus), Volume (zero, plus), Outflow (zero, zero), Height (zero, zero), Pressure (zero, zero)] ---> State: [Inflow (plus, plus), Volume (zero, plus), Outflow (zero, zero), Height (zero, zero), Pressure (zero, zero)]
Positive derivative leads to increased magnitude on Volume | State: [Inflow (plus, plus), Volume (zero, plus), Outflow (zero, zero), Height (zero, zero), Pressure (zero, zero)] ---> State: [Inflow (plus, plus), Volume (plus, plus), Outflow (zero, zero), Height (zero, zero), Pressure (zero, zero)]
Positive influence between Inflow and Volume leads to increased derivative on Volume | State: [Inflow (plus, plus), Volume (zero, plus), Outflow (zero, zero), Height (zero, zero), Pressure (zero, zero)] ---> State: [Inflow (plus, plus), Volume (zero, plus), Outflow (zero, zero), Height (zero, zero), Pressure (zero, zero)]
Positive proportionality between Volume and Height leads to increased derivative on Height | State: [Inflow (plus, plus), Volume (zero, plus), Outflow (zero, zero), Height (zero, zero), Pressure (zero, zero)] ---> State: [Inflow (plus, plus), Volume (zero, plus), Outflow (zero, zero), Height (zero, plus), Pressure (zero, zero)]
---------------------------------------------------------------------------------------------------------------------------------------------------------------------------------------------
Check for future states from current state: 4 - State: [Inflow (plus, plus), Volume (zero, plus), Outflow (zero, zero), Height (zero, plus), Pressure (zero, zero)]
Positive derivative leads to increased magnitude on Inflow | State: [Inflow (plus, plus), Volume (zero, plus), Outflow (zero, zero), Height (zero, plus), Pressure (zero, zero)] ---> State: [Inflow (plus, plus), Volume (zero, plus), Outflow (zero, zero), Height (zero, plus), Pressure (zero, zero)]
Positive derivative leads to increased magnitude on Volume | State: [Inflow (plus, plus), Volume (zero, plus), Outflow (zero, zero), Height (zero, plus), Pressure (zero, zero)] ---> State: [Inflow (plus, plus), Volume (plus, plus), Outflow (zero, zero), Height (zero, plus), Pressure (zero, zero)]
Positive derivative leads to increased magnitude on Height | State: [Inflow (plus, plus), Volume (zero, plus), Outflow (zero, zero), Height (zero, plus), Pressure (zero, zero)] ---> State: [Inflow (plus, plus), Volume (zero, plus), Outflow (zero, zero), Height (plus, plus), Pressure (zero, zero)]
Positive influence between Inflow and Volume leads to increased derivative on Volume | State: [Inflow (plus, plus), Volume (zero, plus), Outflow (zero, zero), Height (zero, plus), Pressure (zero, zero)] ---> State: [Inflow (plus, plus), Volume (zero, plus), Outflow (zero, zero), Height (zero, plus), Pressure (zero, zero)]
Positive proportionality between Volume and Height leads to increased derivative on Height | State: [Inflow (plus, plus), Volume (zero, plus), Outflow (zero, zero), Height (zero, plus), Pressure (zero, zero)] ---> State: [Inflow (plus, plus), Volume (zero, plus), Outflow (zero, zero), Height (zero, plus), Pressure (zero, zero)]
Positive proportionality between Height and Pressure leads to increased derivative on Pressure | State: [Inflow (plus, plus), Volume (zero, plus), Outflow (zero, zero), Height (zero, plus), Pressure (zero, zero)] ---> State: [Inflow (plus, plus), Volume (zero, plus), Outflow (zero, zero), Height (zero, plus), Pressure (zero, plus)]
---------------------------------------------------------------------------------------------------------------------------------------------------------------------------------------------
Check for future states from current state: 7 - State: [Inflow (plus, plus), Volume (zero, plus), Outflow (zero, zero), Height (zero, plus), Pressure (zero, plus)]
Positive derivative leads to increased magnitude on Inflow | State: [Inflow (plus, plus), Volume (zero, plus), Outflow (zero, zero), Height (zero, plus), Pressure (zero, plus)] ---> State: [Inflow (plus, plus), Volume (zero, plus), Outflow (zero, zero), Height (zero, plus), Pressure (zero, plus)]
Positive derivative leads to increased magnitude on Volume | State: [Inflow (plus, plus), Volume (zero, plus), Outflow (zero, zero), Height (zero, plus), Pressure (zero, plus)] ---> State: [Inflow (plus, plus), Volume (plus, plus), Outflow (zero, zero), Height (zero, plus), Pressure (zero, plus)]
Positive derivative leads to increased magnitude on Height | State: [Inflow (plus, plus), Volume (zero, plus), Outflow (zero, zero), Height (zero, plus), Pressure (zero, plus)] ---> State: [Inflow (plus, plus), Volume (zero, plus), Outflow (zero, zero), Height (plus, plus), Pressure (zero, plus)]
Positive derivative leads to increased magnitude on Pressure | State: [Inflow (plus, plus), Volume (zero, plus), Outflow (zero, zero), Height (zero, plus), Pressure (zero, plus)] ---> State: [Inflow (plus, plus), Volume (zero, plus), Outflow (zero, zero), Height (zero, plus), Pressure (plus, plus)]
Positive influence between Inflow and Volume leads to increased derivative on Volume | State: [Inflow (plus, plus), Volume (zero, plus), Outflow (zero, zero), Height (zero, plus), Pressure (zero, plus)] ---> State: [Inflow (plus, plus), Volume (zero, plus), Outflow (zero, zero), Height (zero, plus), Pressure (zero, plus)]
Positive proportionality between Volume and Height leads to increased derivative on Height | State: [Inflow (plus, plus), Volume (zero, plus), Outflow (zero, zero), Height (zero, plus), Pressure (zero, plus)] ---> State: [Inflow (plus, plus), Volume (zero, plus), Outflow (zero, zero), Height (zero, plus), Pressure (zero, plus)]
Positive proportionality between Height and Pressure leads to increased derivative on Pressure | State: [Inflow (plus, plus), Volume (zero, plus), Outflow (zero, zero), Height (zero, plus), Pressure (zero, plus)] ---> State: [Inflow (plus, plus), Volume (zero, plus), Outflow (zero, zero), Height (zero, plus), Pressure (zero, plus)]
---------------------------------------------------------------------------------------------------------------------------------------------------------------------------------------------
Check for future states from current state: 10 - State: [Inflow (plus, plus), Volume (zero, plus), Outflow (zero, zero), Height (zero, plus), Pressure (plus, plus)]
Positive derivative leads to increased magnitude on Inflow | State: [Inflow (plus, plus), Volume (zero, plus), Outflow (zero, zero), Height (zero, plus), Pressure (plus, plus)] ---> State: [Inflow (plus, plus), Volume (zero, plus), Outflow (zero, zero), Height (zero, plus), Pressure (plus, plus)]
Positive derivative leads to increased magnitude on Volume | State: [Inflow (plus, plus), Volume (zero, plus), Outflow (zero, zero), Height (zero, plus), Pressure (plus, plus)] ---> State: [Inflow (plus, plus), Volume (plus, plus), Outflow (zero, zero), Height (zero, plus), Pressure (plus, plus)]
Positive derivative leads to increased magnitude on Height | State: [Inflow (plus, plus), Volume (zero, plus), Outflow (zero, zero), Height (zero, plus), Pressure (plus, plus)] ---> State: [Inflow (plus, plus), Volume (zero, plus), Outflow (zero, zero), Height (plus, plus), Pressure (plus, plus)]
Positive derivative leads to increased magnitude on Pressure | State: [Inflow (plus, plus), Volume (zero, plus), Outflow (zero, zero), Height (zero, plus), Pressure (plus, plus)] ---> State: [Inflow (plus, plus), Volume (zero, plus), Outflow (zero, zero), Height (zero, plus), Pressure (max, plus)]
Positive influence between Inflow and Volume leads to increased derivative on Volume | State: [Inflow (plus, plus), Volume (zero, plus), Outflow (zero, zero), Height (zero, plus), Pressure (plus, plus)] ---> State: [Inflow (plus, plus), Volume (zero, plus), Outflow (zero, zero), Height (zero, plus), Pressure (plus, plus)]
Positive proportionality between Volume and Height leads to increased derivative on Height | State: [Inflow (plus, plus), Volume (zero, plus), Outflow (zero, zero), Height (zero, plus), Pressure (plus, plus)] ---> State: [Inflow (plus, plus), Volume (zero, plus), Outflow (zero, zero), Height (zero, plus), Pressure (plus, plus)]
Positive proportionality between Height and Pressure leads to increased derivative on Pressure | State: [Inflow (plus, plus), Volume (zero, plus), Outflow (zero, zero), Height (zero, plus), Pressure (plus, plus)] ---> State: [Inflow (plus, plus), Volume (zero, plus), Outflow (zero, zero), Height (zero, plus), Pressure (plus, plus)]
---------------------------------------------------------------------------------------------------------------------------------------------------------------------------------------------
Check for future states from current state: 13 - State: [Inflow (plus, plus), Volume (zero, plus), Outflow (zero, zero), Height (zero, plus), Pressure (max, plus)]
Positive derivative leads to increased magnitude on Inflow | State: [Inflow (plus, plus), Volume (zero, plus), Outflow (zero, zero), Height (zero, plus), Pressure (max, plus)] ---> State: [Inflow (plus, plus), Volume (zero, plus), Outflow (zero, zero), Height (zero, plus), Pressure (max, plus)]
Positive derivative leads to increased magnitude on Volume | State: [Inflow (plus, plus), Volume (zero, plus), Outflow (zero, zero), Height (zero, plus), Pressure (max, plus)] ---> State: [Inflow (plus, plus), Volume (plus, plus), Outflow (zero, zero), Height (zero, plus), Pressure (max, plus)]
Positive derivative leads to increased magnitude on Height | State: [Inflow (plus, plus), Volume (zero, plus), Outflow (zero, zero), Height (zero, plus), Pressure (max, plus)] ---> State: [Inflow (plus, plus), Volume (zero, plus), Outflow (zero, zero), Height (plus, plus), Pressure (max, plus)]
Positive derivative leads to increased magnitude on Pressure | State: [Inflow (plus, plus), Volume (zero, plus), Outflow (zero, zero), Height (zero, plus), Pressure (max, plus)] ---> State: [Inflow (plus, plus), Volume (zero, plus), Outflow (zero, zero), Height (zero, plus), Pressure (max, plus)]
Positive influence between Inflow and Volume leads to increased derivative on Volume | State: [Inflow (plus, plus), Volume (zero, plus), Outflow (zero, zero), Height (zero, plus), Pressure (max, plus)] ---> State: [Inflow (plus, plus), Volume (zero, plus), Outflow (zero, zero), Height (zero, plus), Pressure (max, plus)]
Positive proportionality between Volume and Height leads to increased derivative on Height | State: [Inflow (plus, plus), Volume (zero, plus), Outflow (zero, zero), Height (zero, plus), Pressure (max, plus)] ---> State: [Inflow (plus, plus), Volume (zero, plus), Outflow (zero, zero), Height (zero, plus), Pressure (max, plus)]
Positive proportionality between Height and Pressure leads to increased derivative on Pressure | State: [Inflow (plus, plus), Volume (zero, plus), Outflow (zero, zero), Height (zero, plus), Pressure (max, plus)] ---> State: [Inflow (plus, plus), Volume (zero, plus), Outflow (zero, zero), Height (zero, plus), Pressure (max, plus)]
---------------------------------------------------------------------------------------------------------------------------------------------------------------------------------------------
Check for future states from current state: 15 - State: [Inflow (plus, plus), Volume (zero, plus), Outflow (zero, zero), Height (plus, plus), Pressure (max, plus)]
Positive derivative leads to increased magnitude on Inflow | State: [Inflow (plus, plus), Volume (zero, plus), Outflow (zero, zero), Height (plus, plus), Pressure (max, plus)] ---> State: [Inflow (plus, plus), Volume (zero, plus), Outflow (zero, zero), Height (plus, plus), Pressure (max, plus)]
Positive derivative leads to increased magnitude on Volume | State: [Inflow (plus, plus), Volume (zero, plus), Outflow (zero, zero), Height (plus, plus), Pressure (max, plus)] ---> State: [Inflow (plus, plus), Volume (plus, plus), Outflow (zero, zero), Height (plus, plus), Pressure (max, plus)]
Positive derivative leads to increased magnitude on Height | State: [Inflow (plus, plus), Volume (zero, plus), Outflow (zero, zero), Height (plus, plus), Pressure (max, plus)] ---> State: [Inflow (plus, plus), Volume (zero, plus), Outflow (zero, zero), Height (max, plus), Pressure (max, plus)]
Positive derivative leads to increased magnitude on Pressure | State: [Inflow (plus, plus), Volume (zero, plus), Outflow (zero, zero), Height (plus, plus), Pressure (max, plus)] ---> State: [Inflow (plus, plus), Volume (zero, plus), Outflow (zero, zero), Height (plus, plus), Pressure (max, plus)]
Positive influence between Inflow and Volume leads to increased derivative on Volume | State: [Inflow (plus, plus), Volume (zero, plus), Outflow (zero, zero), Height (plus, plus), Pressure (max, plus)] ---> State: [Inflow (plus, plus), Volume (zero, plus), Outflow (zero, zero), Height (plus, plus), Pressure (max, plus)]
Positive proportionality between Volume and Height leads to increased derivative on Height | State: [Inflow (plus, plus), Volume (zero, plus), Outflow (zero, zero), Height (plus, plus), Pressure (max, plus)] ---> State: [Inflow (plus, plus), Volume (zero, plus), Outflow (zero, zero), Height (plus, plus), Pressure (max, plus)]
Positive proportionality between Height and Pressure leads to increased derivative on Pressure | State: [Inflow (plus, plus), Volume (zero, plus), Outflow (zero, zero), Height (plus, plus), Pressure (max, plus)] ---> State: [Inflow (plus, plus), Volume (zero, plus), Outflow (zero, zero), Height (plus, plus), Pressure (max, plus)]
---------------------------------------------------------------------------------------------------------------------------------------------------------------------------------------------
Check for future states from current state: 17 - State: [Inflow (plus, plus), Volume (zero, plus), Outflow (zero, zero), Height (max, plus), Pressure (max, plus)]
Positive derivative leads to increased magnitude on Inflow | State: [Inflow (plus, plus), Volume (zero, plus), Outflow (zero, zero), Height (max, plus), Pressure (max, plus)] ---> State: [Inflow (plus, plus), Volume (zero, plus), Outflow (zero, zero), Height (max, plus), Pressure (max, plus)]
Positive derivative leads to increased magnitude on Volume | State: [Inflow (plus, plus), Volume (zero, plus), Outflow (zero, zero), Height (max, plus), Pressure (max, plus)] ---> State: [Inflow (plus, plus), Volume (plus, plus), Outflow (zero, zero), Height (max, plus), Pressure (max, plus)]
Positive derivative leads to increased magnitude on Height | State: [Inflow (plus, plus), Volume (zero, plus), Outflow (zero, zero), Height (max, plus), Pressure (max, plus)] ---> State: [Inflow (plus, plus), Volume (zero, plus), Outflow (zero, zero), Height (max, plus), Pressure (max, plus)]
Positive derivative leads to increased magnitude on Pressure | State: [Inflow (plus, plus), Volume (zero, plus), Outflow (zero, zero), Height (max, plus), Pressure (max, plus)] ---> State: [Inflow (plus, plus), Volume (zero, plus), Outflow (zero, zero), Height (max, plus), Pressure (max, plus)]
Positive influence between Inflow and Volume leads to increased derivative on Volume | State: [Inflow (plus, plus), Volume (zero, plus), Outflow (zero, zero), Height (max, plus), Pressure (max, plus)] ---> State: [Inflow (plus, plus), Volume (zero, plus), Outflow (zero, zero), Height (max, plus), Pressure (max, plus)]
Positive proportionality between Volume and Height leads to increased derivative on Height | State: [Inflow (plus, plus), Volume (zero, plus), Outflow (zero, zero), Height (max, plus), Pressure (max, plus)] ---> State: [Inflow (plus, plus), Volume (zero, plus), Outflow (zero, zero), Height (max, plus), Pressure (max, plus)]
Positive proportionality between Height and Pressure leads to increased derivative on Pressure | State: [Inflow (plus, plus), Volume (zero, plus), Outflow (zero, zero), Height (max, plus), Pressure (max, plus)] ---> State: [Inflow (plus, plus), Volume (zero, plus), Outflow (zero, zero), Height (max, plus), Pressure (max, plus)]
---------------------------------------------------------------------------------------------------------------------------------------------------------------------------------------------
Check for future states from current state: 18 - State: [Inflow (plus, plus), Volume (plus, plus), Outflow (zero, zero), Height (max, plus), Pressure (max, plus)]
Positive derivative leads to increased magnitude on Inflow | State: [Inflow (plus, plus), Volume (plus, plus), Outflow (zero, zero), Height (max, plus), Pressure (max, plus)] ---> State: [Inflow (plus, plus), Volume (plus, plus), Outflow (zero, zero), Height (max, plus), Pressure (max, plus)]
Positive derivative leads to increased magnitude on Volume | State: [Inflow (plus, plus), Volume (plus, plus), Outflow (zero, zero), Height (max, plus), Pressure (max, plus)] ---> State: [Inflow (plus, plus), Volume (max, plus), Outflow (zero, zero), Height (max, plus), Pressure (max, plus)]
Positive derivative leads to increased magnitude on Height | State: [Inflow (plus, plus), Volume (plus, plus), Outflow (zero, zero), Height (max, plus), Pressure (max, plus)] ---> State: [Inflow (plus, plus), Volume (plus, plus), Outflow (zero, zero), Height (max, plus), Pressure (max, plus)]
Positive derivative leads to increased magnitude on Pressure | State: [Inflow (plus, plus), Volume (plus, plus), Outflow (zero, zero), Height (max, plus), Pressure (max, plus)] ---> State: [Inflow (plus, plus), Volume (plus, plus), Outflow (zero, zero), Height (max, plus), Pressure (max, plus)]
Positive influence between Inflow and Volume leads to increased derivative on Volume | State: [Inflow (plus, plus), Volume (plus, plus), Outflow (zero, zero), Height (max, plus), Pressure (max, plus)] ---> State: [Inflow (plus, plus), Volume (plus, plus), Outflow (zero, zero), Height (max, plus), Pressure (max, plus)]
Positive proportionality between Volume and Height leads to increased derivative on Height | State: [Inflow (plus, plus), Volume (plus, plus), Outflow (zero, zero), Height (max, plus), Pressure (max, plus)] ---> State: [Inflow (plus, plus), Volume (plus, plus), Outflow (zero, zero), Height (max, plus), Pressure (max, plus)]
Positive proportionality between Height and Pressure leads to increased derivative on Pressure | State: [Inflow (plus, plus), Volume (plus, plus), Outflow (zero, zero), Height (max, plus), Pressure (max, plus)] ---> State: [Inflow (plus, plus), Volume (plus, plus), Outflow (zero, zero), Height (max, plus), Pressure (max, plus)]
State: [Inflow (plus, plus), Volume (max, plus), Outflow (zero, zero), Height (max, plus), Pressure (max, plus)] removed because of not following value correspondence
---------------------------------------------------------------------------------------------------------------------------------------------------------------------------------------------
Check for future states from current state: 16 - State: [Inflow (plus, plus), Volume (plus, plus), Outflow (zero, zero), Height (plus, plus), Pressure (max, plus)]
Positive derivative leads to increased magnitude on Inflow | State: [Inflow (plus, plus), Volume (plus, plus), Outflow (zero, zero), Height (plus, plus), Pressure (max, plus)] ---> State: [Inflow (plus, plus), Volume (plus, plus), Outflow (zero, zero), Height (plus, plus), Pressure (max, plus)]
Positive derivative leads to increased magnitude on Volume | State: [Inflow (plus, plus), Volume (plus, plus), Outflow (zero, zero), Height (plus, plus), Pressure (max, plus)] ---> State: [Inflow (plus, plus), Volume (max, plus), Outflow (zero, zero), Height (plus, plus), Pressure (max, plus)]
Positive derivative leads to increased magnitude on Height | State: [Inflow (plus, plus), Volume (plus, plus), Outflow (zero, zero), Height (plus, plus), Pressure (max, plus)] ---> State: [Inflow (plus, plus), Volume (plus, plus), Outflow (zero, zero), Height (max, plus), Pressure (max, plus)]
Positive derivative leads to increased magnitude on Pressure | State: [Inflow (plus, plus), Volume (plus, plus), Outflow (zero, zero), Height (plus, plus), Pressure (max, plus)] ---> State: [Inflow (plus, plus), Volume (plus, plus), Outflow (zero, zero), Height (plus, plus), Pressure (max, plus)]
Positive influence between Inflow and Volume leads to increased derivative on Volume | State: [Inflow (plus, plus), Volume (plus, plus), Outflow (zero, zero), Height (plus, plus), Pressure (max, plus)] ---> State: [Inflow (plus, plus), Volume (plus, plus), Outflow (zero, zero), Height (plus, plus), Pressure (max, plus)]
Positive proportionality between Volume and Height leads to increased derivative on Height | State: [Inflow (plus, plus), Volume (plus, plus), Outflow (zero, zero), Height (plus, plus), Pressure (max, plus)] ---> State: [Inflow (plus, plus), Volume (plus, plus), Outflow (zero, zero), Height (plus, plus), Pressure (max, plus)]
Positive proportionality between Height and Pressure leads to increased derivative on Pressure | State: [Inflow (plus, plus), Volume (plus, plus), Outflow (zero, zero), Height (plus, plus), Pressure (max, plus)] ---> State: [Inflow (plus, plus), Volume (plus, plus), Outflow (zero, zero), Height (plus, plus), Pressure (max, plus)]
State: [Inflow (plus, plus), Volume (max, plus), Outflow (zero, zero), Height (plus, plus), Pressure (max, plus)] removed because of not following value correspondence
---------------------------------------------------------------------------------------------------------------------------------------------------------------------------------------------
Check for future states from current state: 14 - State: [Inflow (plus, plus), Volume (plus, plus), Outflow (zero, zero), Height (zero, plus), Pressure (max, plus)]
Positive derivative leads to increased magnitude on Inflow | State: [Inflow (plus, plus), Volume (plus, plus), Outflow (zero, zero), Height (zero, plus), Pressure (max, plus)] ---> State: [Inflow (plus, plus), Volume (plus, plus), Outflow (zero, zero), Height (zero, plus), Pressure (max, plus)]
Positive derivative leads to increased magnitude on Volume | State: [Inflow (plus, plus), Volume (plus, plus), Outflow (zero, zero), Height (zero, plus), Pressure (max, plus)] ---> State: [Inflow (plus, plus), Volume (max, plus), Outflow (zero, zero), Height (zero, plus), Pressure (max, plus)]
Positive derivative leads to increased magnitude on Height | State: [Inflow (plus, plus), Volume (plus, plus), Outflow (zero, zero), Height (zero, plus), Pressure (max, plus)] ---> State: [Inflow (plus, plus), Volume (plus, plus), Outflow (zero, zero), Height (plus, plus), Pressure (max, plus)]
Positive derivative leads to increased magnitude on Pressure | State: [Inflow (plus, plus), Volume (plus, plus), Outflow (zero, zero), Height (zero, plus), Pressure (max, plus)] ---> State: [Inflow (plus, plus), Volume (plus, plus), Outflow (zero, zero), Height (zero, plus), Pressure (max, plus)]
Positive influence between Inflow and Volume leads to increased derivative on Volume | State: [Inflow (plus, plus), Volume (plus, plus), Outflow (zero, zero), Height (zero, plus), Pressure (max, plus)] ---> State: [Inflow (plus, plus), Volume (plus, plus), Outflow (zero, zero), Height (zero, plus), Pressure (max, plus)]
Positive proportionality between Volume and Height leads to increased derivative on Height | State: [Inflow (plus, plus), Volume (plus, plus), Outflow (zero, zero), Height (zero, plus), Pressure (max, plus)] ---> State: [Inflow (plus, plus), Volume (plus, plus), Outflow (zero, zero), Height (zero, plus), Pressure (max, plus)]
Positive proportionality between Height and Pressure leads to increased derivative on Pressure | State: [Inflow (plus, plus), Volume (plus, plus), Outflow (zero, zero), Height (zero, plus), Pressure (max, plus)] ---> State: [Inflow (plus, plus), Volume (plus, plus), Outflow (zero, zero), Height (zero, plus), Pressure (max, plus)]
State: [Inflow (plus, plus), Volume (max, plus), Outflow (zero, zero), Height (zero, plus), Pressure (max, plus)] removed because of not following value correspondence
---------------------------------------------------------------------------------------------------------------------------------------------------------------------------------------------
Check for future states from current state: 12 - State: [Inflow (plus, plus), Volume (zero, plus), Outflow (zero, zero), Height (plus, plus), Pressure (plus, plus)]
Positive derivative leads to increased magnitude on Inflow | State: [Inflow (plus, plus), Volume (zero, plus), Outflow (zero, zero), Height (plus, plus), Pressure (plus, plus)] ---> State: [Inflow (plus, plus), Volume (zero, plus), Outflow (zero, zero), Height (plus, plus), Pressure (plus, plus)]
Positive derivative leads to increased magnitude on Volume | State: [Inflow (plus, plus), Volume (zero, plus), Outflow (zero, zero), Height (plus, plus), Pressure (plus, plus)] ---> State: [Inflow (plus, plus), Volume (plus, plus), Outflow (zero, zero), Height (plus, plus), Pressure (plus, plus)]
Positive derivative leads to increased magnitude on Height | State: [Inflow (plus, plus), Volume (zero, plus), Outflow (zero, zero), Height (plus, plus), Pressure (plus, plus)] ---> State: [Inflow (plus, plus), Volume (zero, plus), Outflow (zero, zero), Height (max, plus), Pressure (plus, plus)]
Positive derivative leads to increased magnitude on Pressure | State: [Inflow (plus, plus), Volume (zero, plus), Outflow (zero, zero), Height (plus, plus), Pressure (plus, plus)] ---> State: [Inflow (plus, plus), Volume (zero, plus), Outflow (zero, zero), Height (plus, plus), Pressure (max, plus)]
Positive influence between Inflow and Volume leads to increased derivative on Volume | State: [Inflow (plus, plus), Volume (zero, plus), Outflow (zero, zero), Height (plus, plus), Pressure (plus, plus)] ---> State: [Inflow (plus, plus), Volume (zero, plus), Outflow (zero, zero), Height (plus, plus), Pressure (plus, plus)]
Positive proportionality between Volume and Height leads to increased derivative on Height | State: [Inflow (plus, plus), Volume (zero, plus), Outflow (zero, zero), Height (plus, plus), Pressure (plus, plus)] ---> State: [Inflow (plus, plus), Volume (zero, plus), Outflow (zero, zero), Height (plus, plus), Pressure (plus, plus)]
Positive proportionality between Height and Pressure leads to increased derivative on Pressure | State: [Inflow (plus, plus), Volume (zero, plus), Outflow (zero, zero), Height (plus, plus), Pressure (plus, plus)] ---> State: [Inflow (plus, plus), Volume (zero, plus), Outflow (zero, zero), Height (plus, plus), Pressure (plus, plus)]
---------------------------------------------------------------------------------------------------------------------------------------------------------------------------------------------
Check for future states from current state: 20 - State: [Inflow (plus, plus), Volume (zero, plus), Outflow (zero, zero), Height (max, plus), Pressure (plus, plus)]
Positive derivative leads to increased magnitude on Inflow | State: [Inflow (plus, plus), Volume (zero, plus), Outflow (zero, zero), Height (max, plus), Pressure (plus, plus)] ---> State: [Inflow (plus, plus), Volume (zero, plus), Outflow (zero, zero), Height (max, plus), Pressure (plus, plus)]
Positive derivative leads to increased magnitude on Volume | State: [Inflow (plus, plus), Volume (zero, plus), Outflow (zero, zero), Height (max, plus), Pressure (plus, plus)] ---> State: [Inflow (plus, plus), Volume (plus, plus), Outflow (zero, zero), Height (max, plus), Pressure (plus, plus)]
Positive derivative leads to increased magnitude on Height | State: [Inflow (plus, plus), Volume (zero, plus), Outflow (zero, zero), Height (max, plus), Pressure (plus, plus)] ---> State: [Inflow (plus, plus), Volume (zero, plus), Outflow (zero, zero), Height (max, plus), Pressure (plus, plus)]
Positive derivative leads to increased magnitude on Pressure | State: [Inflow (plus, plus), Volume (zero, plus), Outflow (zero, zero), Height (max, plus), Pressure (plus, plus)] ---> State: [Inflow (plus, plus), Volume (zero, plus), Outflow (zero, zero), Height (max, plus), Pressure (max, plus)]
Positive influence between Inflow and Volume leads to increased derivative on Volume | State: [Inflow (plus, plus), Volume (zero, plus), Outflow (zero, zero), Height (max, plus), Pressure (plus, plus)] ---> State: [Inflow (plus, plus), Volume (zero, plus), Outflow (zero, zero), Height (max, plus), Pressure (plus, plus)]
Positive proportionality between Volume and Height leads to increased derivative on Height | State: [Inflow (plus, plus), Volume (zero, plus), Outflow (zero, zero), Height (max, plus), Pressure (plus, plus)] ---> State: [Inflow (plus, plus), Volume (zero, plus), Outflow (zero, zero), Height (max, plus), Pressure (plus, plus)]
Positive proportionality between Height and Pressure leads to increased derivative on Pressure | State: [Inflow (plus, plus), Volume (zero, plus), Outflow (zero, zero), Height (max, plus), Pressure (plus, plus)] ---> State: [Inflow (plus, plus), Volume (zero, plus), Outflow (zero, zero), Height (max, plus), Pressure (plus, plus)]
---------------------------------------------------------------------------------------------------------------------------------------------------------------------------------------------
Check for future states from current state: 21 - State: [Inflow (plus, plus), Volume (plus, plus), Outflow (zero, zero), Height (max, plus), Pressure (plus, plus)]
Positive derivative leads to increased magnitude on Inflow | State: [Inflow (plus, plus), Volume (plus, plus), Outflow (zero, zero), Height (max, plus), Pressure (plus, plus)] ---> State: [Inflow (plus, plus), Volume (plus, plus), Outflow (zero, zero), Height (max, plus), Pressure (plus, plus)]
Positive derivative leads to increased magnitude on Volume | State: [Inflow (plus, plus), Volume (plus, plus), Outflow (zero, zero), Height (max, plus), Pressure (plus, plus)] ---> State: [Inflow (plus, plus), Volume (max, plus), Outflow (zero, zero), Height (max, plus), Pressure (plus, plus)]
Positive derivative leads to increased magnitude on Height | State: [Inflow (plus, plus), Volume (plus, plus), Outflow (zero, zero), Height (max, plus), Pressure (plus, plus)] ---> State: [Inflow (plus, plus), Volume (plus, plus), Outflow (zero, zero), Height (max, plus), Pressure (plus, plus)]
Positive derivative leads to increased magnitude on Pressure | State: [Inflow (plus, plus), Volume (plus, plus), Outflow (zero, zero), Height (max, plus), Pressure (plus, plus)] ---> State: [Inflow (plus, plus), Volume (plus, plus), Outflow (zero, zero), Height (max, plus), Pressure (max, plus)]
Positive influence between Inflow and Volume leads to increased derivative on Volume | State: [Inflow (plus, plus), Volume (plus, plus), Outflow (zero, zero), Height (max, plus), Pressure (plus, plus)] ---> State: [Inflow (plus, plus), Volume (plus, plus), Outflow (zero, zero), Height (max, plus), Pressure (plus, plus)]
Positive proportionality between Volume and Height leads to increased derivative on Height | State: [Inflow (plus, plus), Volume (plus, plus), Outflow (zero, zero), Height (max, plus), Pressure (plus, plus)] ---> State: [Inflow (plus, plus), Volume (plus, plus), Outflow (zero, zero), Height (max, plus), Pressure (plus, plus)]
Positive proportionality between Height and Pressure leads to increased derivative on Pressure | State: [Inflow (plus, plus), Volume (plus, plus), Outflow (zero, zero), Height (max, plus), Pressure (plus, plus)] ---> State: [Inflow (plus, plus), Volume (plus, plus), Outflow (zero, zero), Height (max, plus), Pressure (plus, plus)]
State: [Inflow (plus, plus), Volume (max, plus), Outflow (zero, zero), Height (max, plus), Pressure (plus, plus)] removed because of not following value correspondence
---------------------------------------------------------------------------------------------------------------------------------------------------------------------------------------------
Check for future states from current state: 19 - State: [Inflow (plus, plus), Volume (plus, plus), Outflow (zero, zero), Height (plus, plus), Pressure (plus, plus)]
Positive derivative leads to increased magnitude on Inflow | State: [Inflow (plus, plus), Volume (plus, plus), Outflow (zero, zero), Height (plus, plus), Pressure (plus, plus)] ---> State: [Inflow (plus, plus), Volume (plus, plus), Outflow (zero, zero), Height (plus, plus), Pressure (plus, plus)]
Positive derivative leads to increased magnitude on Volume | State: [Inflow (plus, plus), Volume (plus, plus), Outflow (zero, zero), Height (plus, plus), Pressure (plus, plus)] ---> State: [Inflow (plus, plus), Volume (max, plus), Outflow (zero, zero), Height (plus, plus), Pressure (plus, plus)]
Positive derivative leads to increased magnitude on Height | State: [Inflow (plus, plus), Volume (plus, plus), Outflow (zero, zero), Height (plus, plus), Pressure (plus, plus)] ---> State: [Inflow (plus, plus), Volume (plus, plus), Outflow (zero, zero), Height (max, plus), Pressure (plus, plus)]
Positive derivative leads to increased magnitude on Pressure | State: [Inflow (plus, plus), Volume (plus, plus), Outflow (zero, zero), Height (plus, plus), Pressure (plus, plus)] ---> State: [Inflow (plus, plus), Volume (plus, plus), Outflow (zero, zero), Height (plus, plus), Pressure (max, plus)]
Positive influence between Inflow and Volume leads to increased derivative on Volume | State: [Inflow (plus, plus), Volume (plus, plus), Outflow (zero, zero), Height (plus, plus), Pressure (plus, plus)] ---> State: [Inflow (plus, plus), Volume (plus, plus), Outflow (zero, zero), Height (plus, plus), Pressure (plus, plus)]
Positive proportionality between Volume and Height leads to increased derivative on Height | State: [Inflow (plus, plus), Volume (plus, plus), Outflow (zero, zero), Height (plus, plus), Pressure (plus, plus)] ---> State: [Inflow (plus, plus), Volume (plus, plus), Outflow (zero, zero), Height (plus, plus), Pressure (plus, plus)]
Positive proportionality between Height and Pressure leads to increased derivative on Pressure | State: [Inflow (plus, plus), Volume (plus, plus), Outflow (zero, zero), Height (plus, plus), Pressure (plus, plus)] ---> State: [Inflow (plus, plus), Volume (plus, plus), Outflow (zero, zero), Height (plus, plus), Pressure (plus, plus)]
State: [Inflow (plus, plus), Volume (max, plus), Outflow (zero, zero), Height (plus, plus), Pressure (plus, plus)] removed because of not following value correspondence
---------------------------------------------------------------------------------------------------------------------------------------------------------------------------------------------
Check for future states from current state: 11 - State: [Inflow (plus, plus), Volume (plus, plus), Outflow (zero, zero), Height (zero, plus), Pressure (plus, plus)]
Positive derivative leads to increased magnitude on Inflow | State: [Inflow (plus, plus), Volume (plus, plus), Outflow (zero, zero), Height (zero, plus), Pressure (plus, plus)] ---> State: [Inflow (plus, plus), Volume (plus, plus), Outflow (zero, zero), Height (zero, plus), Pressure (plus, plus)]
Positive derivative leads to increased magnitude on Volume | State: [Inflow (plus, plus), Volume (plus, plus), Outflow (zero, zero), Height (zero, plus), Pressure (plus, plus)] ---> State: [Inflow (plus, plus), Volume (max, plus), Outflow (zero, zero), Height (zero, plus), Pressure (plus, plus)]
Positive derivative leads to increased magnitude on Height | State: [Inflow (plus, plus), Volume (plus, plus), Outflow (zero, zero), Height (zero, plus), Pressure (plus, plus)] ---> State: [Inflow (plus, plus), Volume (plus, plus), Outflow (zero, zero), Height (plus, plus), Pressure (plus, plus)]
Positive derivative leads to increased magnitude on Pressure | State: [Inflow (plus, plus), Volume (plus, plus), Outflow (zero, zero), Height (zero, plus), Pressure (plus, plus)] ---> State: [Inflow (plus, plus), Volume (plus, plus), Outflow (zero, zero), Height (zero, plus), Pressure (max, plus)]
Positive influence between Inflow and Volume leads to increased derivative on Volume | State: [Inflow (plus, plus), Volume (plus, plus), Outflow (zero, zero), Height (zero, plus), Pressure (plus, plus)] ---> State: [Inflow (plus, plus), Volume (plus, plus), Outflow (zero, zero), Height (zero, plus), Pressure (plus, plus)]
Positive proportionality between Volume and Height leads to increased derivative on Height | State: [Inflow (plus, plus), Volume (plus, plus), Outflow (zero, zero), Height (zero, plus), Pressure (plus, plus)] ---> State: [Inflow (plus, plus), Volume (plus, plus), Outflow (zero, zero), Height (zero, plus), Pressure (plus, plus)]
Positive proportionality between Height and Pressure leads to increased derivative on Pressure | State: [Inflow (plus, plus), Volume (plus, plus), Outflow (zero, zero), Height (zero, plus), Pressure (plus, plus)] ---> State: [Inflow (plus, plus), Volume (plus, plus), Outflow (zero, zero), Height (zero, plus), Pressure (plus, plus)]
State: [Inflow (plus, plus), Volume (max, plus), Outflow (zero, zero), Height (zero, plus), Pressure (plus, plus)] removed because of not following value correspondence
---------------------------------------------------------------------------------------------------------------------------------------------------------------------------------------------
Check for future states from current state: 9 - State: [Inflow (plus, plus), Volume (zero, plus), Outflow (zero, zero), Height (plus, plus), Pressure (zero, plus)]
Positive derivative leads to increased magnitude on Inflow | State: [Inflow (plus, plus), Volume (zero, plus), Outflow (zero, zero), Height (plus, plus), Pressure (zero, plus)] ---> State: [Inflow (plus, plus), Volume (zero, plus), Outflow (zero, zero), Height (plus, plus), Pressure (zero, plus)]
Positive derivative leads to increased magnitude on Volume | State: [Inflow (plus, plus), Volume (zero, plus), Outflow (zero, zero), Height (plus, plus), Pressure (zero, plus)] ---> State: [Inflow (plus, plus), Volume (plus, plus), Outflow (zero, zero), Height (plus, plus), Pressure (zero, plus)]
Positive derivative leads to increased magnitude on Height | State: [Inflow (plus, plus), Volume (zero, plus), Outflow (zero, zero), Height (plus, plus), Pressure (zero, plus)] ---> State: [Inflow (plus, plus), Volume (zero, plus), Outflow (zero, zero), Height (max, plus), Pressure (zero, plus)]
Positive derivative leads to increased magnitude on Pressure | State: [Inflow (plus, plus), Volume (zero, plus), Outflow (zero, zero), Height (plus, plus), Pressure (zero, plus)] ---> State: [Inflow (plus, plus), Volume (zero, plus), Outflow (zero, zero), Height (plus, plus), Pressure (plus, plus)]
Positive influence between Inflow and Volume leads to increased derivative on Volume | State: [Inflow (plus, plus), Volume (zero, plus), Outflow (zero, zero), Height (plus, plus), Pressure (zero, plus)] ---> State: [Inflow (plus, plus), Volume (zero, plus), Outflow (zero, zero), Height (plus, plus), Pressure (zero, plus)]
Positive proportionality between Volume and Height leads to increased derivative on Height | State: [Inflow (plus, plus), Volume (zero, plus), Outflow (zero, zero), Height (plus, plus), Pressure (zero, plus)] ---> State: [Inflow (plus, plus), Volume (zero, plus), Outflow (zero, zero), Height (plus, plus), Pressure (zero, plus)]
Positive proportionality between Height and Pressure leads to increased derivative on Pressure | State: [Inflow (plus, plus), Volume (zero, plus), Outflow (zero, zero), Height (plus, plus), Pressure (zero, plus)] ---> State: [Inflow (plus, plus), Volume (zero, plus), Outflow (zero, zero), Height (plus, plus), Pressure (zero, plus)]
---------------------------------------------------------------------------------------------------------------------------------------------------------------------------------------------
Check for future states from current state: 23 - State: [Inflow (plus, plus), Volume (zero, plus), Outflow (zero, zero), Height (max, plus), Pressure (zero, plus)]
Positive derivative leads to increased magnitude on Inflow | State: [Inflow (plus, plus), Volume (zero, plus), Outflow (zero, zero), Height (max, plus), Pressure (zero, plus)] ---> State: [Inflow (plus, plus), Volume (zero, plus), Outflow (zero, zero), Height (max, plus), Pressure (zero, plus)]
Positive derivative leads to increased magnitude on Volume | State: [Inflow (plus, plus), Volume (zero, plus), Outflow (zero, zero), Height (max, plus), Pressure (zero, plus)] ---> State: [Inflow (plus, plus), Volume (plus, plus), Outflow (zero, zero), Height (max, plus), Pressure (zero, plus)]
Positive derivative leads to increased magnitude on Height | State: [Inflow (plus, plus), Volume (zero, plus), Outflow (zero, zero), Height (max, plus), Pressure (zero, plus)] ---> State: [Inflow (plus, plus), Volume (zero, plus), Outflow (zero, zero), Height (max, plus), Pressure (zero, plus)]
Positive derivative leads to increased magnitude on Pressure | State: [Inflow (plus, plus), Volume (zero, plus), Outflow (zero, zero), Height (max, plus), Pressure (zero, plus)] ---> State: [Inflow (plus, plus), Volume (zero, plus), Outflow (zero, zero), Height (max, plus), Pressure (plus, plus)]
Positive influence between Inflow and Volume leads to increased derivative on Volume | State: [Inflow (plus, plus), Volume (zero, plus), Outflow (zero, zero), Height (max, plus), Pressure (zero, plus)] ---> State: [Inflow (plus, plus), Volume (zero, plus), Outflow (zero, zero), Height (max, plus), Pressure (zero, plus)]
Positive proportionality between Volume and Height leads to increased derivative on Height | State: [Inflow (plus, plus), Volume (zero, plus), Outflow (zero, zero), Height (max, plus), Pressure (zero, plus)] ---> State: [Inflow (plus, plus), Volume (zero, plus), Outflow (zero, zero), Height (max, plus), Pressure (zero, plus)]
Positive proportionality between Height and Pressure leads to increased derivative on Pressure | State: [Inflow (plus, plus), Volume (zero, plus), Outflow (zero, zero), Height (max, plus), Pressure (zero, plus)] ---> State: [Inflow (plus, plus), Volume (zero, plus), Outflow (zero, zero), Height (max, plus), Pressure (zero, plus)]
---------------------------------------------------------------------------------------------------------------------------------------------------------------------------------------------
Check for future states from current state: 24 - State: [Inflow (plus, plus), Volume (plus, plus), Outflow (zero, zero), Height (max, plus), Pressure (zero, plus)]
Positive derivative leads to increased magnitude on Inflow | State: [Inflow (plus, plus), Volume (plus, plus), Outflow (zero, zero), Height (max, plus), Pressure (zero, plus)] ---> State: [Inflow (plus, plus), Volume (plus, plus), Outflow (zero, zero), Height (max, plus), Pressure (zero, plus)]
Positive derivative leads to increased magnitude on Volume | State: [Inflow (plus, plus), Volume (plus, plus), Outflow (zero, zero), Height (max, plus), Pressure (zero, plus)] ---> State: [Inflow (plus, plus), Volume (max, plus), Outflow (zero, zero), Height (max, plus), Pressure (zero, plus)]
Positive derivative leads to increased magnitude on Height | State: [Inflow (plus, plus), Volume (plus, plus), Outflow (zero, zero), Height (max, plus), Pressure (zero, plus)] ---> State: [Inflow (plus, plus), Volume (plus, plus), Outflow (zero, zero), Height (max, plus), Pressure (zero, plus)]
Positive derivative leads to increased magnitude on Pressure | State: [Inflow (plus, plus), Volume (plus, plus), Outflow (zero, zero), Height (max, plus), Pressure (zero, plus)] ---> State: [Inflow (plus, plus), Volume (plus, plus), Outflow (zero, zero), Height (max, plus), Pressure (plus, plus)]
Positive influence between Inflow and Volume leads to increased derivative on Volume | State: [Inflow (plus, plus), Volume (plus, plus), Outflow (zero, zero), Height (max, plus), Pressure (zero, plus)] ---> State: [Inflow (plus, plus), Volume (plus, plus), Outflow (zero, zero), Height (max, plus), Pressure (zero, plus)]
Positive proportionality between Volume and Height leads to increased derivative on Height | State: [Inflow (plus, plus), Volume (plus, plus), Outflow (zero, zero), Height (max, plus), Pressure (zero, plus)] ---> State: [Inflow (plus, plus), Volume (plus, plus), Outflow (zero, zero), Height (max, plus), Pressure (zero, plus)]
Positive proportionality between Height and Pressure leads to increased derivative on Pressure | State: [Inflow (plus, plus), Volume (plus, plus), Outflow (zero, zero), Height (max, plus), Pressure (zero, plus)] ---> State: [Inflow (plus, plus), Volume (plus, plus), Outflow (zero, zero), Height (max, plus), Pressure (zero, plus)]
State: [Inflow (plus, plus), Volume (max, plus), Outflow (zero, zero), Height (max, plus), Pressure (zero, plus)] removed because of not following value correspondence
---------------------------------------------------------------------------------------------------------------------------------------------------------------------------------------------
Check for future states from current state: 22 - State: [Inflow (plus, plus), Volume (plus, plus), Outflow (zero, zero), Height (plus, plus), Pressure (zero, plus)]
Positive derivative leads to increased magnitude on Inflow | State: [Inflow (plus, plus), Volume (plus, plus), Outflow (zero, zero), Height (plus, plus), Pressure (zero, plus)] ---> State: [Inflow (plus, plus), Volume (plus, plus), Outflow (zero, zero), Height (plus, plus), Pressure (zero, plus)]
Positive derivative leads to increased magnitude on Volume | State: [Inflow (plus, plus), Volume (plus, plus), Outflow (zero, zero), Height (plus, plus), Pressure (zero, plus)] ---> State: [Inflow (plus, plus), Volume (max, plus), Outflow (zero, zero), Height (plus, plus), Pressure (zero, plus)]
Positive derivative leads to increased magnitude on Height | State: [Inflow (plus, plus), Volume (plus, plus), Outflow (zero, zero), Height (plus, plus), Pressure (zero, plus)] ---> State: [Inflow (plus, plus), Volume (plus, plus), Outflow (zero, zero), Height (max, plus), Pressure (zero, plus)]
Positive derivative leads to increased magnitude on Pressure | State: [Inflow (plus, plus), Volume (plus, plus), Outflow (zero, zero), Height (plus, plus), Pressure (zero, plus)] ---> State: [Inflow (plus, plus), Volume (plus, plus), Outflow (zero, zero), Height (plus, plus), Pressure (plus, plus)]
Positive influence between Inflow and Volume leads to increased derivative on Volume | State: [Inflow (plus, plus), Volume (plus, plus), Outflow (zero, zero), Height (plus, plus), Pressure (zero, plus)] ---> State: [Inflow (plus, plus), Volume (plus, plus), Outflow (zero, zero), Height (plus, plus), Pressure (zero, plus)]
Positive proportionality between Volume and Height leads to increased derivative on Height | State: [Inflow (plus, plus), Volume (plus, plus), Outflow (zero, zero), Height (plus, plus), Pressure (zero, plus)] ---> State: [Inflow (plus, plus), Volume (plus, plus), Outflow (zero, zero), Height (plus, plus), Pressure (zero, plus)]
Positive proportionality between Height and Pressure leads to increased derivative on Pressure | State: [Inflow (plus, plus), Volume (plus, plus), Outflow (zero, zero), Height (plus, plus), Pressure (zero, plus)] ---> State: [Inflow (plus, plus), Volume (plus, plus), Outflow (zero, zero), Height (plus, plus), Pressure (zero, plus)]
State: [Inflow (plus, plus), Volume (max, plus), Outflow (zero, zero), Height (plus, plus), Pressure (zero, plus)] removed because of not following value correspondence
---------------------------------------------------------------------------------------------------------------------------------------------------------------------------------------------
Check for future states from current state: 8 - State: [Inflow (plus, plus), Volume (plus, plus), Outflow (zero, zero), Height (zero, plus), Pressure (zero, plus)]
Positive derivative leads to increased magnitude on Inflow | State: [Inflow (plus, plus), Volume (plus, plus), Outflow (zero, zero), Height (zero, plus), Pressure (zero, plus)] ---> State: [Inflow (plus, plus), Volume (plus, plus), Outflow (zero, zero), Height (zero, plus), Pressure (zero, plus)]
Positive derivative leads to increased magnitude on Volume | State: [Inflow (plus, plus), Volume (plus, plus), Outflow (zero, zero), Height (zero, plus), Pressure (zero, plus)] ---> State: [Inflow (plus, plus), Volume (max, plus), Outflow (zero, zero), Height (zero, plus), Pressure (zero, plus)]
Positive derivative leads to increased magnitude on Height | State: [Inflow (plus, plus), Volume (plus, plus), Outflow (zero, zero), Height (zero, plus), Pressure (zero, plus)] ---> State: [Inflow (plus, plus), Volume (plus, plus), Outflow (zero, zero), Height (plus, plus), Pressure (zero, plus)]
Positive derivative leads to increased magnitude on Pressure | State: [Inflow (plus, plus), Volume (plus, plus), Outflow (zero, zero), Height (zero, plus), Pressure (zero, plus)] ---> State: [Inflow (plus, plus), Volume (plus, plus), Outflow (zero, zero), Height (zero, plus), Pressure (plus, plus)]
Positive influence between Inflow and Volume leads to increased derivative on Volume | State: [Inflow (plus, plus), Volume (plus, plus), Outflow (zero, zero), Height (zero, plus), Pressure (zero, plus)] ---> State: [Inflow (plus, plus), Volume (plus, plus), Outflow (zero, zero), Height (zero, plus), Pressure (zero, plus)]
Positive proportionality between Volume and Height leads to increased derivative on Height | State: [Inflow (plus, plus), Volume (plus, plus), Outflow (zero, zero), Height (zero, plus), Pressure (zero, plus)] ---> State: [Inflow (plus, plus), Volume (plus, plus), Outflow (zero, zero), Height (zero, plus), Pressure (zero, plus)]
Positive proportionality between Height and Pressure leads to increased derivative on Pressure | State: [Inflow (plus, plus), Volume (plus, plus), Outflow (zero, zero), Height (zero, plus), Pressure (zero, plus)] ---> State: [Inflow (plus, plus), Volume (plus, plus), Outflow (zero, zero), Height (zero, plus), Pressure (zero, plus)]
State: [Inflow (plus, plus), Volume (max, plus), Outflow (zero, zero), Height (zero, plus), Pressure (zero, plus)] removed because of not following value correspondence
---------------------------------------------------------------------------------------------------------------------------------------------------------------------------------------------
Check for future states from current state: 6 - State: [Inflow (plus, plus), Volume (zero, plus), Outflow (zero, zero), Height (plus, plus), Pressure (zero, zero)]
Positive derivative leads to increased magnitude on Inflow | State: [Inflow (plus, plus), Volume (zero, plus), Outflow (zero, zero), Height (plus, plus), Pressure (zero, zero)] ---> State: [Inflow (plus, plus), Volume (zero, plus), Outflow (zero, zero), Height (plus, plus), Pressure (zero, zero)]
Positive derivative leads to increased magnitude on Volume | State: [Inflow (plus, plus), Volume (zero, plus), Outflow (zero, zero), Height (plus, plus), Pressure (zero, zero)] ---> State: [Inflow (plus, plus), Volume (plus, plus), Outflow (zero, zero), Height (plus, plus), Pressure (zero, zero)]
Positive derivative leads to increased magnitude on Height | State: [Inflow (plus, plus), Volume (zero, plus), Outflow (zero, zero), Height (plus, plus), Pressure (zero, zero)] ---> State: [Inflow (plus, plus), Volume (zero, plus), Outflow (zero, zero), Height (max, plus), Pressure (zero, zero)]
Positive influence between Inflow and Volume leads to increased derivative on Volume | State: [Inflow (plus, plus), Volume (zero, plus), Outflow (zero, zero), Height (plus, plus), Pressure (zero, zero)] ---> State: [Inflow (plus, plus), Volume (zero, plus), Outflow (zero, zero), Height (plus, plus), Pressure (zero, zero)]
Positive proportionality between Volume and Height leads to increased derivative on Height | State: [Inflow (plus, plus), Volume (zero, plus), Outflow (zero, zero), Height (plus, plus), Pressure (zero, zero)] ---> State: [Inflow (plus, plus), Volume (zero, plus), Outflow (zero, zero), Height (plus, plus), Pressure (zero, zero)]
Positive proportionality between Height and Pressure leads to increased derivative on Pressure | State: [Inflow (plus, plus), Volume (zero, plus), Outflow (zero, zero), Height (plus, plus), Pressure (zero, zero)] ---> State: [Inflow (plus, plus), Volume (zero, plus), Outflow (zero, zero), Height (plus, plus), Pressure (zero, plus)]
---------------------------------------------------------------------------------------------------------------------------------------------------------------------------------------------
Check for future states from current state: 26 - State: [Inflow (plus, plus), Volume (zero, plus), Outflow (zero, zero), Height (max, plus), Pressure (zero, zero)]
Positive derivative leads to increased magnitude on Inflow | State: [Inflow (plus, plus), Volume (zero, plus), Outflow (zero, zero), Height (max, plus), Pressure (zero, zero)] ---> State: [Inflow (plus, plus), Volume (zero, plus), Outflow (zero, zero), Height (max, plus), Pressure (zero, zero)]
Positive derivative leads to increased magnitude on Volume | State: [Inflow (plus, plus), Volume (zero, plus), Outflow (zero, zero), Height (max, plus), Pressure (zero, zero)] ---> State: [Inflow (plus, plus), Volume (plus, plus), Outflow (zero, zero), Height (max, plus), Pressure (zero, zero)]
Positive derivative leads to increased magnitude on Height | State: [Inflow (plus, plus), Volume (zero, plus), Outflow (zero, zero), Height (max, plus), Pressure (zero, zero)] ---> State: [Inflow (plus, plus), Volume (zero, plus), Outflow (zero, zero), Height (max, plus), Pressure (zero, zero)]
Positive influence between Inflow and Volume leads to increased derivative on Volume | State: [Inflow (plus, plus), Volume (zero, plus), Outflow (zero, zero), Height (max, plus), Pressure (zero, zero)] ---> State: [Inflow (plus, plus), Volume (zero, plus), Outflow (zero, zero), Height (max, plus), Pressure (zero, zero)]
Positive proportionality between Volume and Height leads to increased derivative on Height | State: [Inflow (plus, plus), Volume (zero, plus), Outflow (zero, zero), Height (max, plus), Pressure (zero, zero)] ---> State: [Inflow (plus, plus), Volume (zero, plus), Outflow (zero, zero), Height (max, plus), Pressure (zero, zero)]
Positive proportionality between Height and Pressure leads to increased derivative on Pressure | State: [Inflow (plus, plus), Volume (zero, plus), Outflow (zero, zero), Height (max, plus), Pressure (zero, zero)] ---> State: [Inflow (plus, plus), Volume (zero, plus), Outflow (zero, zero), Height (max, plus), Pressure (zero, plus)]
---------------------------------------------------------------------------------------------------------------------------------------------------------------------------------------------
Check for future states from current state: 27 - State: [Inflow (plus, plus), Volume (plus, plus), Outflow (zero, zero), Height (max, plus), Pressure (zero, zero)]
Positive derivative leads to increased magnitude on Inflow | State: [Inflow (plus, plus), Volume (plus, plus), Outflow (zero, zero), Height (max, plus), Pressure (zero, zero)] ---> State: [Inflow (plus, plus), Volume (plus, plus), Outflow (zero, zero), Height (max, plus), Pressure (zero, zero)]
Positive derivative leads to increased magnitude on Volume | State: [Inflow (plus, plus), Volume (plus, plus), Outflow (zero, zero), Height (max, plus), Pressure (zero, zero)] ---> State: [Inflow (plus, plus), Volume (max, plus), Outflow (zero, zero), Height (max, plus), Pressure (zero, zero)]
Positive derivative leads to increased magnitude on Height | State: [Inflow (plus, plus), Volume (plus, plus), Outflow (zero, zero), Height (max, plus), Pressure (zero, zero)] ---> State: [Inflow (plus, plus), Volume (plus, plus), Outflow (zero, zero), Height (max, plus), Pressure (zero, zero)]
Positive influence between Inflow and Volume leads to increased derivative on Volume | State: [Inflow (plus, plus), Volume (plus, plus), Outflow (zero, zero), Height (max, plus), Pressure (zero, zero)] ---> State: [Inflow (plus, plus), Volume (plus, plus), Outflow (zero, zero), Height (max, plus), Pressure (zero, zero)]
Positive proportionality between Volume and Height leads to increased derivative on Height | State: [Inflow (plus, plus), Volume (plus, plus), Outflow (zero, zero), Height (max, plus), Pressure (zero, zero)] ---> State: [Inflow (plus, plus), Volume (plus, plus), Outflow (zero, zero), Height (max, plus), Pressure (zero, zero)]
Positive proportionality between Height and Pressure leads to increased derivative on Pressure | State: [Inflow (plus, plus), Volume (plus, plus), Outflow (zero, zero), Height (max, plus), Pressure (zero, zero)] ---> State: [Inflow (plus, plus), Volume (plus, plus), Outflow (zero, zero), Height (max, plus), Pressure (zero, plus)]
State: [Inflow (plus, plus), Volume (max, plus), Outflow (zero, zero), Height (max, plus), Pressure (zero, zero)] removed because of not following value correspondence
---------------------------------------------------------------------------------------------------------------------------------------------------------------------------------------------
Check for future states from current state: 25 - State: [Inflow (plus, plus), Volume (plus, plus), Outflow (zero, zero), Height (plus, plus), Pressure (zero, zero)]
Positive derivative leads to increased magnitude on Inflow | State: [Inflow (plus, plus), Volume (plus, plus), Outflow (zero, zero), Height (plus, plus), Pressure (zero, zero)] ---> State: [Inflow (plus, plus), Volume (plus, plus), Outflow (zero, zero), Height (plus, plus), Pressure (zero, zero)]
Positive derivative leads to increased magnitude on Volume | State: [Inflow (plus, plus), Volume (plus, plus), Outflow (zero, zero), Height (plus, plus), Pressure (zero, zero)] ---> State: [Inflow (plus, plus), Volume (max, plus), Outflow (zero, zero), Height (plus, plus), Pressure (zero, zero)]
Positive derivative leads to increased magnitude on Height | State: [Inflow (plus, plus), Volume (plus, plus), Outflow (zero, zero), Height (plus, plus), Pressure (zero, zero)] ---> State: [Inflow (plus, plus), Volume (plus, plus), Outflow (zero, zero), Height (max, plus), Pressure (zero, zero)]
Positive influence between Inflow and Volume leads to increased derivative on Volume | State: [Inflow (plus, plus), Volume (plus, plus), Outflow (zero, zero), Height (plus, plus), Pressure (zero, zero)] ---> State: [Inflow (plus, plus), Volume (plus, plus), Outflow (zero, zero), Height (plus, plus), Pressure (zero, zero)]
Positive proportionality between Volume and Height leads to increased derivative on Height | State: [Inflow (plus, plus), Volume (plus, plus), Outflow (zero, zero), Height (plus, plus), Pressure (zero, zero)] ---> State: [Inflow (plus, plus), Volume (plus, plus), Outflow (zero, zero), Height (plus, plus), Pressure (zero, zero)]
Positive proportionality between Height and Pressure leads to increased derivative on Pressure | State: [Inflow (plus, plus), Volume (plus, plus), Outflow (zero, zero), Height (plus, plus), Pressure (zero, zero)] ---> State: [Inflow (plus, plus), Volume (plus, plus), Outflow (zero, zero), Height (plus, plus), Pressure (zero, plus)]
State: [Inflow (plus, plus), Volume (max, plus), Outflow (zero, zero), Height (plus, plus), Pressure (zero, zero)] removed because of not following value correspondence
---------------------------------------------------------------------------------------------------------------------------------------------------------------------------------------------
Check for future states from current state: 5 - State: [Inflow (plus, plus), Volume (plus, plus), Outflow (zero, zero), Height (zero, plus), Pressure (zero, zero)]
Positive derivative leads to increased magnitude on Inflow | State: [Inflow (plus, plus), Volume (plus, plus), Outflow (zero, zero), Height (zero, plus), Pressure (zero, zero)] ---> State: [Inflow (plus, plus), Volume (plus, plus), Outflow (zero, zero), Height (zero, plus), Pressure (zero, zero)]
Positive derivative leads to increased magnitude on Volume | State: [Inflow (plus, plus), Volume (plus, plus), Outflow (zero, zero), Height (zero, plus), Pressure (zero, zero)] ---> State: [Inflow (plus, plus), Volume (max, plus), Outflow (zero, zero), Height (zero, plus), Pressure (zero, zero)]
Positive derivative leads to increased magnitude on Height | State: [Inflow (plus, plus), Volume (plus, plus), Outflow (zero, zero), Height (zero, plus), Pressure (zero, zero)] ---> State: [Inflow (plus, plus), Volume (plus, plus), Outflow (zero, zero), Height (plus, plus), Pressure (zero, zero)]
Positive influence between Inflow and Volume leads to increased derivative on Volume | State: [Inflow (plus, plus), Volume (plus, plus), Outflow (zero, zero), Height (zero, plus), Pressure (zero, zero)] ---> State: [Inflow (plus, plus), Volume (plus, plus), Outflow (zero, zero), Height (zero, plus), Pressure (zero, zero)]
Positive proportionality between Volume and Height leads to increased derivative on Height | State: [Inflow (plus, plus), Volume (plus, plus), Outflow (zero, zero), Height (zero, plus), Pressure (zero, zero)] ---> State: [Inflow (plus, plus), Volume (plus, plus), Outflow (zero, zero), Height (zero, plus), Pressure (zero, zero)]
Positive proportionality between Height and Pressure leads to increased derivative on Pressure | State: [Inflow (plus, plus), Volume (plus, plus), Outflow (zero, zero), Height (zero, plus), Pressure (zero, zero)] ---> State: [Inflow (plus, plus), Volume (plus, plus), Outflow (zero, zero), Height (zero, plus), Pressure (zero, plus)]
State: [Inflow (plus, plus), Volume (max, plus), Outflow (zero, zero), Height (zero, plus), Pressure (zero, zero)] removed because of not following value correspondence
---------------------------------------------------------------------------------------------------------------------------------------------------------------------------------------------
Check for future states from current state: 3 - State: [Inflow (plus, plus), Volume (plus, plus), Outflow (zero, zero), Height (zero, zero), Pressure (zero, zero)]
Positive derivative leads to increased magnitude on Inflow | State: [Inflow (plus, plus), Volume (plus, plus), Outflow (zero, zero), Height (zero, zero), Pressure (zero, zero)] ---> State: [Inflow (plus, plus), Volume (plus, plus), Outflow (zero, zero), Height (zero, zero), Pressure (zero, zero)]
Positive derivative leads to increased magnitude on Volume | State: [Inflow (plus, plus), Volume (plus, plus), Outflow (zero, zero), Height (zero, zero), Pressure (zero, zero)] ---> State: [Inflow (plus, plus), Volume (max, plus), Outflow (zero, zero), Height (zero, zero), Pressure (zero, zero)]
Positive influence between Inflow and Volume leads to increased derivative on Volume | State: [Inflow (plus, plus), Volume (plus, plus), Outflow (zero, zero), Height (zero, zero), Pressure (zero, zero)] ---> State: [Inflow (plus, plus), Volume (plus, plus), Outflow (zero, zero), Height (zero, zero), Pressure (zero, zero)]
Positive proportionality between Volume and Height leads to increased derivative on Height | State: [Inflow (plus, plus), Volume (plus, plus), Outflow (zero, zero), Height (zero, zero), Pressure (zero, zero)] ---> State: [Inflow (plus, plus), Volume (plus, plus), Outflow (zero, zero), Height (zero, plus), Pressure (zero, zero)]
State: [Inflow (plus, plus), Volume (max, plus), Outflow (zero, zero), Height (zero, zero), Pressure (zero, zero)] removed because of not following value correspondence
160
Removed 109 reflective transitions and duplicates
